[main] INFO  by.mybot.Application  - Введите ваш пример:
[main] INFO  by.mybot.Application  - 1+3
[main] INFO  by.mybot.Application  - Введите ваш пример:
[main] INFO  by.mybot.Application  - 1
[main] INFO  by.mybot.Application  - Введите ваш пример:
[main] INFO  by.mybot.Application  - 1
[main] INFO  by.mybot.Application  - Введите ваш пример:
[main] INFO  by.mybot.Application  - 1
[main] INFO  by.mybot.Application  - Введите ваш пример:
[main] INFO  by.mybot.Application  - 1
[main] INFO  by.mybot.Application  - Введите ваш пример:
[main] INFO  by.mybot.Application  - Введите ваш пример:
[main] INFO  by.mybot.Application  - 3
[main] INFO  by.mybot.Application  - Введите ваш пример:
[main] INFO  by.mybot.Application  - asd
[main] INFO  by.mybot.Application  - Введите ваш пример:
[main] INFO  by.mybot.Application  - asd
[main] INFO  by.mybot.Application  - Введите ваш пример:
[main] INFO  by.mybot.Application  - -1
[main] INFO  by.mybot.Application  - Введите ваш пример:
[main] INFO  by.mybot.Application  - -1
[main] INFO  by.mybot.Application  - Введите ваш пример:
[main] INFO  by.mybot.Application  - -1
[main] INFO  by.mybot.Application  - Введите ваш пример:
[main] INFO  by.mybot.Application  - Введите ваш пример:
[main] INFO  by.mybot.Application  - -1
[main] INFO  by.mybot.Application  - Введите ваш пример:
[main] INFO  by.mybot.Application  - Error
[main] INFO  by.mybot.Application  - Введите ваш пример:
[main] INFO  by.mybot.Application  - Error
[main] INFO  by.mybot.Application  - Введите ваш пример:
[main] INFO  by.mybot.Application  - +
[main] INFO  by.mybot.Application  - Введите ваш пример:
[main] INFO  by.mybot.Application  - +
[main] INFO  by.mybot.Application  - 1
[main] INFO  by.mybot.Application  - +
[main] INFO  by.mybot.Application  - 3
[main] INFO  by.mybot.Application  - Введите ваш пример:
[main] INFO  by.mybot.Application  - VI
[main] INFO  by.mybot.Application  - +
[main] INFO  by.mybot.Application  - I
[main] INFO  by.mybot.Application  - Введите ваш пример:
[main] INFO  by.mybot.Application  - false
[main] INFO  by.mybot.Application  - Введите ваш пример:
[main] INFO  by.mybot.Application  - true
[main] INFO  by.mybot.Application  - Введите ваш пример:
[main] INFO  by.mybot.Application  - false
[main] INFO  by.mybot.Application  - Введите ваш пример:
[main] INFO  by.mybot.Application  - true
[main] INFO  by.mybot.Application  - Введите ваш пример:
[main] INFO  by.mybot.Application  - false
[main] INFO  by.mybot.Application  - Введите ваш пример:
[main] INFO  by.mybot.Application  - false
[main] INFO  by.mybot.Application  - Введите ваш пример:
[main] INFO  by.mybot.Application  - false
[main] INFO  by.mybot.Application  - Введите ваш пример:
[main] INFO  by.mybot.Application  - false
[main] INFO  by.mybot.Application  - Введите ваш пример:
[main] INFO  by.mybot.Application  - false
[main] INFO  by.mybot.Application  - Введите ваш пример:
[main] INFO  by.mybot.Application  - false
[main] INFO  by.mybot.Application  - Введите ваш пример:
[main] INFO  by.mybot.Application  - false
[main] INFO  by.mybot.Application  - Введите ваш пример:
[main] INFO  by.mybot.Application  - false
[main] INFO  by.mybot.Application  - Введите ваш пример:
[main] INFO  by.mybot.Application  - false
[main] INFO  by.mybot.Application  - Введите ваш пример:
[main] INFO  by.mybot.Application  - false
[main] INFO  by.mybot.Application  - Введите ваш пример:
[main] INFO  by.mybot.Application  - true
[main] INFO  by.mybot.Application  - Введите ваш пример:
[main] INFO  by.mybot.Application  - false
[main] INFO  by.mybot.Application  - Введите ваш пример:
[main] INFO  by.mybot.Application  - false
[main] INFO  by.mybot.Application  - Введите ваш пример:
[main] INFO  by.mybot.Application  - Введите ваш пример:
[main] INFO  by.mybot.Application  - true
[main] INFO  by.mybot.Application  - Введите ваш пример:
[main] INFO  by.mybot.Application  - false
[main] INFO  by.mybot.Application  - Введите ваш пример:
[main] INFO  by.mybot.Application  - Введите ваш пример:
[main] INFO  by.mybot.Application  - 4
[main] INFO  by.mybot.Application  - Введите ваш пример:
[main] INFO  by.mybot.Application  - 7
[main] INFO  by.mybot.Application  - Введите ваш пример:
[main] INFO  by.mybot.Application  - 16
[main] INFO  by.mybot.Application  - Введите ваш пример:
[main] INFO  by.mybot.Application  - Введите ваш пример:
[main] INFO  by.mybot.Application  - Введите ваш пример:
[main] INFO  by.mybot.Application  - Введите ваш пример:
[main] INFO  by.mybot.Application  - Введите ваш пример:
[main] INFO  by.mybot.Application  - Введите ваш пример:
[main] INFO  by.mybot.Application  - Введите ваш пример:
[main] INFO  by.mybot.Application  - Введите ваш пример:
[main] INFO  by.mybot.Application  - Введите ваш пример:
[main] INFO  by.mybot.Application  - Введите ваш пример:
[main] INFO  by.mybot.Application  - 4
[main] INFO  by.mybot.Application  - Введите ваш пример:
[main] INFO  by.mybot.Application  - Введите ваш пример:
[main] INFO  by.mybot.Application  - 6
[main] INFO  by.mybot.Application  - Введите ваш пример:
[main] INFO  by.mybot.Application  - 10
[main] INFO  by.mybot.Application  - Введите ваш пример:
[main] INFO  by.mybot.Application  - Введите ваш пример:
